#
# A fatal error has been detected by the Java Runtime Environment:
#
#  EXCEPTION_ACCESS_VIOLATION (0xc0000005) at pc=0x00000000717ae36c, pid=47744, tid=0x000000000000e01c
#
# JRE version: Java(TM) SE Runtime Environment (8.0_181-b13) (build 1.8.0_181-b13)
# Java VM: Dynamic Code Evolution 64-Bit Server VM (25.71-b01-dcevmlight-26 mixed mode windows-amd64 compressed oops)
# Problematic frame:
# V  [jvm.dll+0x1ae36c]
#
# Failed to write core dump. Minidumps are not enabled by default on client versions of Windows
#
# If you would like to submit a bug report, please visit:
#   https://github.com/dcevm/dcevm/issues
#

---------------  T H R E A D  ---------------

Current thread (0x0000000013b56000):  JavaThread "JDWP Transport Listener: dt_socket" daemon [_thread_in_vm, id=57372, stack(0x0000000014250000,0x0000000014350000)]

siginfo: ExceptionCode=0xc0000005, reading address 0x0000000000000000

Registers:
RAX=0x0000000015303bd0, RBX=0x00000007c0993800, RCX=0x0000000000000000, RDX=0x0000000000000001
RSP=0x000000001434ebc0, RBP=0x000000001434ecc0, RSI=0x0000000000000000, RDI=0x0000000000000001
R8 =0x0000000000000001, R9 =0x0000000013b5eed0, R10=0x000000001d77a1d0, R11=0x0000000000000000
R12=0x0000000000000001, R13=0x000000001d77d500, R14=0x0000000000000001, R15=0x0000000000000000
RIP=0x00000000717ae36c, EFLAGS=0x0000000000010246

Top of Stack: (sp=0x000000001434ebc0)
0x000000001434ebc0:   000000001d77a3e8 0000000000000000
0x000000001434ebd0:   0000000000000003 0000000000000003
0x000000001434ebe0:   000000001434ed01 00000007c09933c0
0x000000001434ebf0:   0000000013b56000 0000000002f5ccd0
0x000000001434ec00:   00000007c09933c0 0000000000000012
0x000000001434ec10:   0000000002f5cd90 0000000013b5fcd8
0x000000001434ec20:   00000000000003d8 0000000013b5f900
0x000000001434ec30:   0000000000000000 00000007c0993800
0x000000001434ec40:   000000001434f150 0000000013b5f8f0
0x000000001434ec50:   0000000000000000 00000000000006b3
0x000000001434ec60:   0000000002f5ef40 0000000019074040
0x000000001434ec70:   000000001d77a3e8 000000001d77a1d0
0x000000001434ec80:   0000000013b56000 0000000071dcd828
0x000000001434ec90:   0000000000000000 00000000728f8d17
0x000000001434eca0:   0000000000000000 0000000000000000
0x000000001434ecb0:   000000001d77d500 000000001d77d2e8 

Instructions: (pc=0x00000000717ae36c)
0x00000000717ae34c:   e8 9f b2 ef ff 48 8b ce e8 87 af ef ff 48 89 77
0x00000000717ae35c:   10 4c 89 6f 18 4c 89 77 20 48 8b 0d 44 b4 61 00
0x00000000717ae36c:   8b 11 8d 42 ff 44 3b f8 0f 85 79 02 00 00 33 f6
0x00000000717ae37c:   8b de 89 5c 24 78 85 d2 0f 8e d5 01 00 00 44 8b 


Register to memory mapping:

RAX=0x0000000015303bd0 is an unknown value
RBX=0x00000007c0993800 is pointing into metadata
RCX=0x0000000000000000 is an unknown value
RDX=0x0000000000000001 is an unknown value
RSP=0x000000001434ebc0 is pointing into the stack for thread: 0x0000000013b56000
RBP=0x000000001434ecc0 is pointing into the stack for thread: 0x0000000013b56000
RSI=0x0000000000000000 is an unknown value
RDI=0x0000000000000001 is an unknown value
R8 =0x0000000000000001 is an unknown value
R9 =0x0000000013b5eed0 is an unknown value
R10=0x000000001d77a1d0 is pointing into metadata
R11=0x0000000000000000 is an unknown value
R12=0x0000000000000001 is an unknown value
R13=0x000000001d77d500 is pointing into metadata
R14=0x0000000000000001 is an unknown value
R15=0x0000000000000000 is an unknown value


Stack: [0x0000000014250000,0x0000000014350000],  sp=0x000000001434ebc0,  free space=1018k
Native frames: (J=compiled Java code, j=interpreted, Vv=VM code, C=native code)
V  [jvm.dll+0x1ae36c]
V  [jvm.dll+0x1af5a7]
V  [jvm.dll+0x22ba90]
V  [jvm.dll+0x17fa88]
V  [jvm.dll+0x3229b4]
C  [jdwp.dll+0x9e6b]
C  [jdwp.dll+0xf15d]
C  [jdwp.dll+0x1f5c9]
C  [jdwp.dll+0x1f79e]
V  [jvm.dll+0x198ef8]
V  [jvm.dll+0x22608f]
V  [jvm.dll+0x2767ea]
C  [msvcr100.dll+0x21d9f]
C  [msvcr100.dll+0x21e3b]
C  [KERNEL32.DLL+0x17e94]
C  [ntdll.dll+0x67ad1]


---------------  P R O C E S S  ---------------

Java Threads: ( => current thread )
  0x0000000018c5f000 JavaThread "DestroyJavaVM" [_thread_blocked, id=39264, stack(0x0000000002cd0000,0x0000000002dd0000)]
  0x0000000018c5e800 JavaThread "http-nio-8080-AsyncTimeout" daemon [_thread_blocked, id=47928, stack(0x000000001d170000,0x000000001d270000)]
  0x0000000018c5b800 JavaThread "http-nio-8080-Acceptor-0" daemon [_thread_in_native, id=8436, stack(0x000000001d070000,0x000000001d170000)]
  0x0000000015b68800 JavaThread "http-nio-8080-ClientPoller-1" daemon [_thread_in_native, id=17572, stack(0x000000001cf70000,0x000000001d070000)]
  0x0000000015b67000 JavaThread "http-nio-8080-ClientPoller-0" daemon [_thread_in_native, id=46456, stack(0x000000001ce70000,0x000000001cf70000)]
  0x0000000015b69800 JavaThread "http-nio-8080-exec-10" daemon [_thread_blocked, id=27932, stack(0x000000001cd70000,0x000000001ce70000)]
  0x0000000015b66800 JavaThread "http-nio-8080-exec-9" daemon [_thread_blocked, id=20112, stack(0x000000001cc70000,0x000000001cd70000)]
  0x0000000015b65800 JavaThread "http-nio-8080-exec-8" daemon [_thread_blocked, id=42128, stack(0x000000001cb70000,0x000000001cc70000)]
  0x0000000015b65000 JavaThread "http-nio-8080-exec-7" daemon [_thread_blocked, id=49620, stack(0x000000001ca70000,0x000000001cb70000)]
  0x0000000015b62800 JavaThread "http-nio-8080-exec-6" daemon [_thread_blocked, id=55644, stack(0x000000001c970000,0x000000001ca70000)]
  0x0000000015b68000 JavaThread "http-nio-8080-exec-5" daemon [_thread_blocked, id=9024, stack(0x000000001c870000,0x000000001c970000)]
  0x0000000015b63800 JavaThread "http-nio-8080-exec-4" daemon [_thread_blocked, id=30328, stack(0x000000001c770000,0x000000001c870000)]
  0x0000000015b64000 JavaThread "http-nio-8080-exec-3" daemon [_thread_blocked, id=28100, stack(0x000000001c670000,0x000000001c770000)]
  0x0000000015e6b000 JavaThread "http-nio-8080-exec-2" daemon [_thread_blocked, id=27356, stack(0x000000001c570000,0x000000001c670000)]
  0x0000000015e6c800 JavaThread "http-nio-8080-exec-1" daemon [_thread_blocked, id=26976, stack(0x000000001c470000,0x000000001c570000)]
  0x0000000015e6f800 JavaThread "NioBlockingSelector.BlockPoller-1" daemon [_thread_in_native, id=24332, stack(0x000000001c370000,0x000000001c470000)]
  0x0000000015e6b800 JavaThread "container-0" [_thread_blocked, id=28936, stack(0x000000001b970000,0x000000001ba70000)]
  0x0000000015e6a000 JavaThread "ContainerBackgroundProcessor[StandardEngine[Tomcat]]" daemon [_thread_blocked, id=31928, stack(0x000000001b870000,0x000000001b970000)]
  0x0000000015e69800 JavaThread "HikariPool-1 housekeeper" daemon [_thread_blocked, id=54608, stack(0x000000001a870000,0x000000001a970000)]
  0x0000000015359000 JavaThread "RMI Scheduler(0)" daemon [_thread_blocked, id=52140, stack(0x00000000178a0000,0x00000000179a0000)]
  0x00000000151ce000 JavaThread "RMI TCP Accept-0" daemon [_thread_in_native, id=45676, stack(0x0000000017160000,0x0000000017260000)]
  0x00000000151c4000 JavaThread "RMI TCP Accept-64832" daemon [_thread_in_native, id=42260, stack(0x0000000017060000,0x0000000017160000)]
  0x0000000015176000 JavaThread "RMI TCP Accept-0" daemon [_thread_in_native, id=55712, stack(0x0000000016f60000,0x0000000017060000)]
  0x000000001494d000 JavaThread "Service Thread" daemon [_thread_blocked, id=37384, stack(0x0000000016920000,0x0000000016a20000)]
  0x000000001493a800 JavaThread "C1 CompilerThread3" daemon [_thread_blocked, id=29500, stack(0x0000000016820000,0x0000000016920000)]
  0x0000000014936000 JavaThread "C2 CompilerThread2" daemon [_thread_blocked, id=5368, stack(0x0000000016720000,0x0000000016820000)]
  0x0000000014d6d000 JavaThread "C2 CompilerThread1" daemon [_thread_blocked, id=43092, stack(0x0000000016620000,0x0000000016720000)]
  0x0000000014d6a000 JavaThread "C2 CompilerThread0" daemon [_thread_blocked, id=29924, stack(0x0000000016520000,0x0000000016620000)]
  0x00000000148f9000 JavaThread "Thread-3" daemon [_thread_blocked, id=46760, stack(0x0000000014c50000,0x0000000014d50000)]
  0x00000000148f8000 JavaThread "HotSwap Dispatcher" daemon [_thread_blocked, id=28008, stack(0x0000000014b50000,0x0000000014c50000)]
  0x00000000148f5000 JavaThread "HotSwap Watcher" daemon [_thread_blocked, id=25832, stack(0x0000000014a50000,0x0000000014b50000)]
  0x00000000148c9800 JavaThread "Thread-0" daemon [_thread_in_native, id=21404, stack(0x0000000014950000,0x0000000014a50000)]
  0x0000000013b66000 JavaThread "JDWP Command Reader" daemon [_thread_in_native, id=43560, stack(0x0000000014450000,0x0000000014550000)]
  0x0000000013b64800 JavaThread "JDWP Event Helper Thread" daemon [_thread_blocked, id=50256, stack(0x0000000014350000,0x0000000014450000)]
=>0x0000000013b56000 JavaThread "JDWP Transport Listener: dt_socket" daemon [_thread_in_vm, id=57372, stack(0x0000000014250000,0x0000000014350000)]
  0x0000000013b4a800 JavaThread "Attach Listener" daemon [_thread_blocked, id=63408, stack(0x0000000014150000,0x0000000014250000)]
  0x0000000013b48000 JavaThread "Signal Dispatcher" daemon [_thread_blocked, id=62224, stack(0x0000000014050000,0x0000000014150000)]
  0x0000000002f5b800 JavaThread "Finalizer" daemon [_thread_blocked, id=31428, stack(0x0000000013e50000,0x0000000013f50000)]
  0x0000000002f52800 JavaThread "Reference Handler" daemon [_thread_blocked, id=14912, stack(0x0000000013d50000,0x0000000013e50000)]

Other Threads:
  0x0000000002f4a800 VMThread [stack: 0x0000000013c50000,0x0000000013d50000] [id=6812]
  0x00000000151d1000 WatcherThread [stack: 0x0000000017260000,0x0000000017360000] [id=24056]

VM state:not at safepoint (normal execution)

VM Mutex/Monitor currently owned by a thread: None

Heap:
 def new generation   total 78720K, used 4430K [0x00000006c1000000, 0x00000006c6560000, 0x0000000716000000)
  eden space 70016K,   2% used [0x00000006c1000000, 0x00000006c11dc0d0, 0x00000006c5460000)
  from space 8704K,  29% used [0x00000006c5ce0000, 0x00000006c5f57928, 0x00000006c6560000)
  to   space 8704K,   0% used [0x00000006c5460000, 0x00000006c5460000, 0x00000006c5ce0000)
 tenured generation   total 174784K, used 37707K [0x0000000716000000, 0x0000000720ab0000, 0x00000007c0000000)
   the space 174784K,  21% used [0x0000000716000000, 0x00000007184d2e00, 0x00000007184d2e00, 0x0000000720ab0000)
 Metaspace       used 75680K, capacity 80284K, committed 80640K, reserved 1120256K
  class space    used 9698K, capacity 10386K, committed 10496K, reserved 1048576K

Card table byte_map: [0x00000000124f0000,0x0000000012cf0000] byte_map_base: 0x000000000eee8000

Polling page: 0x0000000001480000

CodeCache: size=245760Kb used=9675Kb max_used=13694Kb free=236085Kb
 bounds [0x0000000003130000, 0x0000000003ea0000, 0x0000000012130000]
 total_blobs=5826 nmethods=5251 adapters=495
 compilation: enabled

Compilation events (10 events):
Event: 14206.093 Thread 0x000000001493a800 nmethod 20777 0x00000000037e7fd0 code [0x00000000037e8140, 0x00000000037e82a8]
Event: 14206.093 Thread 0x000000001493a800 20774       1       java.lang.reflect.Modifier::isPublic (12 bytes)
Event: 14206.093 Thread 0x000000001493a800 nmethod 20774 0x00000000037e7d10 code [0x00000000037e7e60, 0x00000000037e7f70]
Event: 14206.093 Thread 0x000000001493a800 20786       1       java.lang.reflect.AccessibleObject::<init> (5 bytes)
Event: 14206.093 Thread 0x000000001493a800 nmethod 20786 0x00000000037e7a50 code [0x00000000037e7ba0, 0x00000000037e7cb0]
Event: 14206.093 Thread 0x000000001493a800 20765       1       java.util.ArrayList$Itr::next (66 bytes)
Event: 14206.093 Thread 0x000000001493a800 nmethod 20765 0x00000000037e7350 code [0x00000000037e7500, 0x00000000037e77c8]
Event: 14206.093 Thread 0x000000001493a800 20793       1       java.lang.reflect.Executable::<init> (5 bytes)
Event: 14206.093 Thread 0x000000001493a800 nmethod 20793 0x00000000037e7050 code [0x00000000037e71a0, 0x00000000037e72b0]
Event: 14206.093 Thread 0x000000001493a800 20778       1       java.lang.reflect.Method::copy (84 bytes)

GC Heap History (10 events):
Event: 1424.621 GC heap before
{Heap before GC invocations=46 (full 3):
 def new generation   total 78720K, used 75065K [0x00000006c1000000, 0x00000006c6560000, 0x0000000716000000)
  eden space 70016K, 100% used [0x00000006c1000000, 0x00000006c5460000, 0x00000006c5460000)
  from space 8704K,  58% used [0x00000006c5460000, 0x00000006c594e508, 0x00000006c5ce0000)
  to   space 8704K,   0% used [0x00000006c5ce0000, 0x00000006c5ce0000, 0x00000006c6560000)
 tenured generation   total 174784K, used 34297K [0x0000000716000000, 0x0000000720ab0000, 0x00000007c0000000)
   the space 174784K,  19% used [0x0000000716000000, 0x000000071817e4b8, 0x000000071817e600, 0x0000000720ab0000)
 Metaspace       used 71115K, capacity 73834K, committed 74112K, reserved 1114112K
  class space    used 9105K, capacity 9565K, committed 9600K, reserved 1048576K
Event: 1424.629 GC heap after
Heap after GC invocations=47 (full 3):
 def new generation   total 78720K, used 5069K [0x00000006c1000000, 0x00000006c6560000, 0x0000000716000000)
  eden space 70016K,   0% used [0x00000006c1000000, 0x00000006c1000000, 0x00000006c5460000)
  from space 8704K,  58% used [0x00000006c5ce0000, 0x00000006c61d37d0, 0x00000006c6560000)
  to   space 8704K,   0% used [0x00000006c5460000, 0x00000006c5460000, 0x00000006c5ce0000)
 tenured generation   total 174784K, used 35103K [0x0000000716000000, 0x0000000720ab0000, 0x00000007c0000000)
   the space 174784K,  20% used [0x0000000716000000, 0x0000000718247e70, 0x0000000718248000, 0x0000000720ab0000)
 Metaspace       used 71115K, capacity 73834K, committed 74112K, reserved 1114112K
  class space    used 9105K, capacity 9565K, committed 9600K, reserved 1048576K
}
Event: 2689.509 GC heap before
{Heap before GC invocations=47 (full 3):
 def new generation   total 78720K, used 75085K [0x00000006c1000000, 0x00000006c6560000, 0x0000000716000000)
  eden space 70016K, 100% used [0x00000006c1000000, 0x00000006c5460000, 0x00000006c5460000)
  from space 8704K,  58% used [0x00000006c5ce0000, 0x00000006c61d37d0, 0x00000006c6560000)
  to   space 8704K,   0% used [0x00000006c5460000, 0x00000006c5460000, 0x00000006c5ce0000)
 tenured generation   total 174784K, used 35103K [0x0000000716000000, 0x0000000720ab0000, 0x00000007c0000000)
   the space 174784K,  20% used [0x0000000716000000, 0x0000000718247e70, 0x0000000718248000, 0x0000000720ab0000)
 Metaspace       used 72764K, capacity 75514K, committed 75648K, reserved 1116160K
  class space    used 9310K, capacity 9785K, committed 9856K, reserved 1048576K
Event: 2689.524 GC heap after
Heap after GC invocations=48 (full 3):
 def new generation   total 78720K, used 6091K [0x00000006c1000000, 0x00000006c6560000, 0x0000000716000000)
  eden space 70016K,   0% used [0x00000006c1000000, 0x00000006c1000000, 0x00000006c5460000)
  from space 8704K,  69% used [0x00000006c5460000, 0x00000006c5a52d20, 0x00000006c5ce0000)
  to   space 8704K,   0% used [0x00000006c5ce0000, 0x00000006c5ce0000, 0x00000006c6560000)
 tenured generation   total 174784K, used 35918K [0x0000000716000000, 0x0000000720ab0000, 0x00000007c0000000)
   the space 174784K,  20% used [0x0000000716000000, 0x0000000718313be0, 0x0000000718313c00, 0x0000000720ab0000)
 Metaspace       used 72764K, capacity 75514K, committed 75648K, reserved 1116160K
  class space    used 9310K, capacity 9785K, committed 9856K, reserved 1048576K
}
Event: 4029.966 GC heap before
{Heap before GC invocations=48 (full 3):
 def new generation   total 78720K, used 76107K [0x00000006c1000000, 0x00000006c6560000, 0x0000000716000000)
  eden space 70016K, 100% used [0x00000006c1000000, 0x00000006c5460000, 0x00000006c5460000)
  from space 8704K,  69% used [0x00000006c5460000, 0x00000006c5a52d20, 0x00000006c5ce0000)
  to   space 8704K,   0% used [0x00000006c5ce0000, 0x00000006c5ce0000, 0x00000006c6560000)
 tenured generation   total 174784K, used 35918K [0x0000000716000000, 0x0000000720ab0000, 0x00000007c0000000)
   the space 174784K,  20% used [0x0000000716000000, 0x0000000718313be0, 0x0000000718313c00, 0x0000000720ab0000)
 Metaspace       used 73919K, capacity 77448K, committed 77696K, reserved 1116160K
  class space    used 9469K, capacity 10034K, committed 10112K, reserved 1048576K
Event: 4029.974 GC heap after
Heap after GC invocations=49 (full 3):
 def new generation   total 78720K, used 2819K [0x00000006c1000000, 0x00000006c6560000, 0x0000000716000000)
  eden space 70016K,   0% used [0x00000006c1000000, 0x00000006c1000000, 0x00000006c5460000)
  from space 8704K,  32% used [0x00000006c5ce0000, 0x00000006c5fa0dc0, 0x00000006c6560000)
  to   space 8704K,   0% used [0x00000006c5460000, 0x00000006c5460000, 0x00000006c5ce0000)
 tenured generation   total 174784K, used 37707K [0x0000000716000000, 0x0000000720ab0000, 0x00000007c0000000)
   the space 174784K,  21% used [0x0000000716000000, 0x00000007184d2e00, 0x00000007184d2e00, 0x0000000720ab0000)
 Metaspace       used 73919K, capacity 77448K, committed 77696K, reserved 1116160K
  class space    used 9469K, capacity 10034K, committed 10112K, reserved 1048576K
}
Event: 10697.143 GC heap before
{Heap before GC invocations=49 (full 3):
 def new generation   total 78720K, used 72835K [0x00000006c1000000, 0x00000006c6560000, 0x0000000716000000)
  eden space 70016K, 100% used [0x00000006c1000000, 0x00000006c5460000, 0x00000006c5460000)
  from space 8704K,  32% used [0x00000006c5ce0000, 0x00000006c5fa0dc0, 0x00000006c6560000)
  to   space 8704K,   0% used [0x00000006c5460000, 0x00000006c5460000, 0x00000006c5ce0000)
 tenured generation   total 174784K, used 37707K [0x0000000716000000, 0x0000000720ab0000, 0x00000007c0000000)
   the space 174784K,  21% used [0x0000000716000000, 0x00000007184d2e00, 0x00000007184d2e00, 0x0000000720ab0000)
 Metaspace       used 74874K, capacity 79060K, committed 79104K, reserved 1118208K
  class space    used 9600K, capacity 10238K, committed 10240K, reserved 1048576K
Event: 10697.156 GC heap after
Heap after GC invocations=50 (full 3):
 def new generation   total 78720K, used 2978K [0x00000006c1000000, 0x00000006c6560000, 0x0000000716000000)
  eden space 70016K,   0% used [0x00000006c1000000, 0x00000006c1000000, 0x00000006c5460000)
  from space 8704K,  34% used [0x00000006c5460000, 0x00000006c57489d0, 0x00000006c5ce0000)
  to   space 8704K,   0% used [0x00000006c5ce0000, 0x00000006c5ce0000, 0x00000006c6560000)
 tenured generation   total 174784K, used 37707K [0x0000000716000000, 0x0000000720ab0000, 0x00000007c0000000)
   the space 174784K,  21% used [0x0000000716000000, 0x00000007184d2e00, 0x00000007184d2e00, 0x0000000720ab0000)
 Metaspace       used 74874K, capacity 79060K, committed 79104K, reserved 1118208K
  class space    used 9600K, capacity 10238K, committed 10240K, reserved 1048576K
}
Event: 14205.780 GC heap before
{Heap before GC invocations=50 (full 3):
 def new generation   total 78720K, used 72994K [0x00000006c1000000, 0x00000006c6560000, 0x0000000716000000)
  eden space 70016K, 100% used [0x00000006c1000000, 0x00000006c5460000, 0x00000006c5460000)
  from space 8704K,  34% used [0x00000006c5460000, 0x00000006c57489d0, 0x00000006c5ce0000)
  to   space 8704K,   0% used [0x00000006c5ce0000, 0x00000006c5ce0000, 0x00000006c6560000)
 tenured generation   total 174784K, used 37707K [0x0000000716000000, 0x0000000720ab0000, 0x00000007c0000000)
   the space 174784K,  21% used [0x0000000716000000, 0x00000007184d2e00, 0x00000007184d2e00, 0x0000000720ab0000)
 Metaspace       used 75670K, capacity 80284K, committed 80640K, reserved 1120256K
  class space    used 9697K, capacity 10386K, committed 10496K, reserved 1048576K
Event: 14205.794 GC heap after
Heap after GC invocations=51 (full 3):
 def new generation   total 78720K, used 2526K [0x00000006c1000000, 0x00000006c6560000, 0x0000000716000000)
  eden space 70016K,   0% used [0x00000006c1000000, 0x00000006c1000000, 0x00000006c5460000)
  from space 8704K,  29% used [0x00000006c5ce0000, 0x00000006c5f57928, 0x00000006c6560000)
  to   space 8704K,   0% used [0x00000006c5460000, 0x00000006c5460000, 0x00000006c5ce0000)
 tenured generation   total 174784K, used 37707K [0x0000000716000000, 0x0000000720ab0000, 0x00000007c0000000)
   the space 174784K,  21% used [0x0000000716000000, 0x00000007184d2e00, 0x00000007184d2e00, 0x0000000720ab0000)
 Metaspace       used 75670K, capacity 80284K, committed 80640K, reserved 1120256K
  class space    used 9697K, capacity 10386K, committed 10496K, reserved 1048576K
}

Deoptimization events (0 events):
No events

Internal exceptions (10 events):
Event: 14205.549 Thread 0x0000000018c60000 Exception <a 'java/lang/ArrayIndexOutOfBoundsException'> (0x00000006c5207388) thrown at [C:\Jenkins\workspace\DCEVM-8u161\jdk\JDK1.8.0_181-x64\k\product\oops\nocompressed\slave\dcevm-win\hotspot\src\share\vm\runtime\sharedRuntime.cpp, line 605]
Event: 14205.549 Thread 0x0000000018c60000 Exception <a 'java/lang/ArrayIndexOutOfBoundsException'> (0x00000006c520d738) thrown at [C:\Jenkins\workspace\DCEVM-8u161\jdk\JDK1.8.0_181-x64\k\product\oops\nocompressed\slave\dcevm-win\hotspot\src\share\vm\runtime\sharedRuntime.cpp, line 605]
Event: 14205.550 Thread 0x0000000018c60000 Exception <a 'java/lang/ArrayIndexOutOfBoundsException'> (0x00000006c52185e8) thrown at [C:\Jenkins\workspace\DCEVM-8u161\jdk\JDK1.8.0_181-x64\k\product\oops\nocompressed\slave\dcevm-win\hotspot\src\share\vm\runtime\sharedRuntime.cpp, line 605]
Event: 14205.551 Thread 0x0000000018c60000 Exception <a 'java/lang/ArrayIndexOutOfBoundsException'> (0x00000006c521e600) thrown at [C:\Jenkins\workspace\DCEVM-8u161\jdk\JDK1.8.0_181-x64\k\product\oops\nocompressed\slave\dcevm-win\hotspot\src\share\vm\runtime\sharedRuntime.cpp, line 605]
Event: 14205.551 Thread 0x0000000018c60000 Exception <a 'java/lang/ArrayIndexOutOfBoundsException'> (0x00000006c521f860) thrown at [C:\Jenkins\workspace\DCEVM-8u161\jdk\JDK1.8.0_181-x64\k\product\oops\nocompressed\slave\dcevm-win\hotspot\src\share\vm\runtime\sharedRuntime.cpp, line 605]
Event: 14205.551 Thread 0x0000000018c60000 Exception <a 'java/lang/ArrayIndexOutOfBoundsException'> (0x00000006c5220768) thrown at [C:\Jenkins\workspace\DCEVM-8u161\jdk\JDK1.8.0_181-x64\k\product\oops\nocompressed\slave\dcevm-win\hotspot\src\share\vm\runtime\sharedRuntime.cpp, line 605]
Event: 14205.551 Thread 0x0000000018c60000 Exception <a 'java/lang/ArrayIndexOutOfBoundsException'> (0x00000006c5221658) thrown at [C:\Jenkins\workspace\DCEVM-8u161\jdk\JDK1.8.0_181-x64\k\product\oops\nocompressed\slave\dcevm-win\hotspot\src\share\vm\runtime\sharedRuntime.cpp, line 605]
Event: 14205.561 Thread 0x0000000018c60000 Exception <a 'java/lang/ArrayIndexOutOfBoundsException'> (0x00000006c52b7560) thrown at [C:\Jenkins\workspace\DCEVM-8u161\jdk\JDK1.8.0_181-x64\k\product\oops\nocompressed\slave\dcevm-win\hotspot\src\share\vm\runtime\sharedRuntime.cpp, line 605]
Event: 14205.563 Thread 0x0000000018c60000 Exception <a 'java/lang/ArrayIndexOutOfBoundsException'> (0x00000006c52cb3a0) thrown at [C:\Jenkins\workspace\DCEVM-8u161\jdk\JDK1.8.0_181-x64\k\product\oops\nocompressed\slave\dcevm-win\hotspot\src\share\vm\runtime\sharedRuntime.cpp, line 605]
Event: 14205.566 Thread 0x0000000018c60000 Exception <a 'java/lang/ArrayIndexOutOfBoundsException'> (0x00000006c52f8ab0) thrown at [C:\Jenkins\workspace\DCEVM-8u161\jdk\JDK1.8.0_181-x64\k\product\oops\nocompressed\slave\dcevm-win\hotspot\src\share\vm\runtime\sharedRuntime.cpp, line 605]

Events (10 events):
Event: 14206.082 Thread 0x00000000148f5000 DEOPT UNPACKING pc=0x00000000031775bf sp=0x0000000014b4ea88 mode 0
Event: 14206.082 Thread 0x0000000013b56000 DEOPT PACKING pc=0x0000000003c5810c sp=0x000000001434d3e0
Event: 14206.082 Thread 0x0000000013b56000 DEOPT UNPACKING pc=0x00000000031775bf sp=0x000000001434d158 mode 0
Event: 14206.082 Thread 0x0000000013b56000 DEOPT PACKING pc=0x0000000003c5895c sp=0x000000001434d490
Event: 14206.082 Thread 0x0000000013b56000 DEOPT UNPACKING pc=0x00000000031775bf sp=0x000000001434d1d0 mode 0
Event: 14206.082 Thread 0x0000000018c61800 Thread exited: 0x0000000018c61800
Event: 14206.087 Executing VM operation: ForceSafepoint
Event: 14206.087 Executing VM operation: ForceSafepoint done
Event: 14206.089 Executing VM operation: ForceSafepoint
Event: 14206.089 Executing VM operation: ForceSafepoint done


Dynamic libraries:
0x00007ff68cb70000 - 0x00007ff68cba7000 	C:\Program Files\Java\jdk1.8.0_181\bin\java.exe
0x00007ffd1e270000 - 0x00007ffd1e45d000 	C:\WINDOWS\SYSTEM32\ntdll.dll
0x00007ffd1c2f0000 - 0x00007ffd1c3a3000 	C:\WINDOWS\System32\KERNEL32.DLL
0x00007ffd1a840000 - 0x00007ffd1aad3000 	C:\WINDOWS\System32\KERNELBASE.dll
0x00007ffd1c3d0000 - 0x00007ffd1c473000 	C:\WINDOWS\System32\ADVAPI32.dll
0x00007ffd1c820000 - 0x00007ffd1c8be000 	C:\WINDOWS\System32\msvcrt.dll
0x00007ffd1bb80000 - 0x00007ffd1bc1e000 	C:\WINDOWS\System32\sechost.dll
0x00007ffd1bf30000 - 0x00007ffd1c053000 	C:\WINDOWS\System32\RPCRT4.dll
0x00007ffd1bd90000 - 0x00007ffd1bf27000 	C:\WINDOWS\System32\USER32.dll
0x00007ffd1a7f0000 - 0x00007ffd1a810000 	C:\WINDOWS\System32\win32u.dll
0x00007ffd1c480000 - 0x00007ffd1c4a9000 	C:\WINDOWS\System32\GDI32.dll
0x00007ffd1abb0000 - 0x00007ffd1ad4a000 	C:\WINDOWS\System32\gdi32full.dll
0x00007ffd1a750000 - 0x00007ffd1a7f0000 	C:\WINDOWS\System32\msvcp_win.dll
0x00007ffd1a650000 - 0x00007ffd1a74c000 	C:\WINDOWS\System32\ucrtbase.dll
0x00007ffd0bc50000 - 0x00007ffd0bec9000 	C:\WINDOWS\WinSxS\amd64_microsoft.windows.common-controls_6595b64144ccf1df_6.0.17763.55_none_bfabd67a2c8ec77e\COMCTL32.dll
0x00007ffd1df10000 - 0x00007ffd1e23e000 	C:\WINDOWS\System32\combase.dll
0x00007ffd1a390000 - 0x00007ffd1a40e000 	C:\WINDOWS\System32\bcryptPrimitives.dll
0x00007ffd1de60000 - 0x00007ffd1de8e000 	C:\WINDOWS\System32\IMM32.DLL
0x0000000072890000 - 0x0000000072962000 	C:\Program Files\Java\jdk1.8.0_181\jre\bin\msvcr100.dll
0x0000000071600000 - 0x0000000071e51000 	C:\Program Files\Java\jdk1.8.0_181\jre\bin\dcevm\jvm.dll
0x00007ffd1b5e0000 - 0x00007ffd1b5e8000 	C:\WINDOWS\System32\PSAPI.DLL
0x00007ffd092e0000 - 0x00007ffd092e9000 	C:\WINDOWS\SYSTEM32\WSOCK32.dll
0x00007ffd14320000 - 0x00007ffd1432a000 	C:\WINDOWS\SYSTEM32\VERSION.dll
0x00007ffd17030000 - 0x00007ffd17054000 	C:\WINDOWS\SYSTEM32\WINMM.dll
0x00007ffd1c280000 - 0x00007ffd1c2ed000 	C:\WINDOWS\System32\WS2_32.dll
0x00007ffd17000000 - 0x00007ffd1702d000 	C:\WINDOWS\SYSTEM32\winmmbase.dll
0x00007ffd1a340000 - 0x00007ffd1a38a000 	C:\WINDOWS\System32\cfgmgr32.dll
0x0000000071fd0000 - 0x0000000071fdf000 	C:\Program Files\Java\jdk1.8.0_181\jre\bin\verify.dll
0x0000000071fa0000 - 0x0000000071fc9000 	C:\Program Files\Java\jdk1.8.0_181\jre\bin\java.dll
0x0000000071f40000 - 0x0000000071f75000 	C:\Program Files\Java\jdk1.8.0_181\jre\bin\jdwp.dll
0x00000000715f0000 - 0x00000000715f8000 	C:\Program Files\Java\jdk1.8.0_181\jre\bin\npt.dll
0x0000000071580000 - 0x00000000715a3000 	C:\Program Files\Java\jdk1.8.0_181\jre\bin\instrument.dll
0x0000000071f80000 - 0x0000000071f96000 	C:\Program Files\Java\jdk1.8.0_181\jre\bin\zip.dll
0x00007ffd1c970000 - 0x00007ffd1de5f000 	C:\WINDOWS\System32\SHELL32.dll
0x00007ffd1c8c0000 - 0x00007ffd1c968000 	C:\WINDOWS\System32\shcore.dll
0x00007ffd1ad50000 - 0x00007ffd1b498000 	C:\WINDOWS\System32\windows.storage.dll
0x00007ffd1a310000 - 0x00007ffd1a334000 	C:\WINDOWS\System32\profapi.dll
0x00007ffd1a270000 - 0x00007ffd1a2cd000 	C:\WINDOWS\System32\powrprof.dll
0x00007ffd1c530000 - 0x00007ffd1c582000 	C:\WINDOWS\System32\shlwapi.dll
0x00007ffd1a2f0000 - 0x00007ffd1a301000 	C:\WINDOWS\System32\kernel.appcore.dll
0x00007ffd1aae0000 - 0x00007ffd1aaf7000 	C:\WINDOWS\System32\cryptsp.dll
0x0000000071570000 - 0x0000000071579000 	C:\Program Files\Java\jdk1.8.0_181\jre\bin\dt_socket.dll
0x00007ffd19ab0000 - 0x00007ffd19b17000 	C:\WINDOWS\system32\mswsock.dll
0x00000000715d0000 - 0x00000000715ea000 	C:\Program Files\Java\jdk1.8.0_181\jre\bin\net.dll
0x00000000715b0000 - 0x00000000715c1000 	C:\Program Files\Java\jdk1.8.0_181\jre\bin\nio.dll
0x0000000071560000 - 0x000000007156d000 	C:\Program Files\Java\jdk1.8.0_181\jre\bin\management.dll
0x00007ffd01470000 - 0x00007ffd01486000 	C:\WINDOWS\system32\napinsp.dll
0x00007ffd01340000 - 0x00007ffd0135a000 	C:\WINDOWS\system32\pnrpnsp.dll
0x00007ffd19850000 - 0x00007ffd19916000 	C:\WINDOWS\SYSTEM32\DNSAPI.dll
0x00007ffd1b5d0000 - 0x00007ffd1b5d8000 	C:\WINDOWS\System32\NSI.dll
0x00007ffd19810000 - 0x00007ffd1984d000 	C:\WINDOWS\SYSTEM32\IPHLPAPI.DLL
0x00007ffd01330000 - 0x00007ffd0133e000 	C:\WINDOWS\System32\winrnr.dll
0x00007ffd16d90000 - 0x00007ffd16dab000 	C:\WINDOWS\system32\NLAapi.dll
0x00007ffd138c0000 - 0x00007ffd138d5000 	C:\WINDOWS\system32\wshbth.dll
0x00007ffd0f9d0000 - 0x00007ffd0f9da000 	C:\Windows\System32\rasadhlp.dll
0x00007ffd0f560000 - 0x00007ffd0f5d9000 	C:\WINDOWS\System32\fwpuclnt.dll
0x00007ffd1a810000 - 0x00007ffd1a836000 	C:\WINDOWS\System32\bcrypt.dll
0x00007ffd19620000 - 0x00007ffd19653000 	C:\WINDOWS\system32\rsaenh.dll
0x00007ffd1a170000 - 0x00007ffd1a198000 	C:\WINDOWS\SYSTEM32\USERENV.dll
0x00007ffd19c30000 - 0x00007ffd19c3c000 	C:\WINDOWS\SYSTEM32\CRYPTBASE.dll
0x00007ffd12510000 - 0x00007ffd12526000 	C:\WINDOWS\SYSTEM32\dhcpcsvc6.DLL
0x00007ffd124a0000 - 0x00007ffd124bc000 	C:\WINDOWS\SYSTEM32\dhcpcsvc.DLL
0x0000000071530000 - 0x0000000071554000 	C:\Program Files\Java\jdk1.8.0_181\jre\bin\sunec.dll
0x00007ffd087b0000 - 0x00007ffd0899d000 	C:\WINDOWS\SYSTEM32\dbghelp.dll

VM Arguments:
jvm_args: -agentlib:jdwp=transport=dt_socket,address=127.0.0.1:64833,suspend=y,server=n -javaagent:./.hotswap/hotswap-agent-1.3.0.jar=autoHotswap=true -XX:TieredStopAtLevel=1 -Xverify:none -Dspring.output.ansi.enabled=always -Dcom.sun.management.jmxremote -Dcom.sun.management.jmxremote.port=64832 -Dcom.sun.management.jmxremote.authenticate=false -Dcom.sun.management.jmxremote.ssl=false -Djava.rmi.server.hostname=localhost -Dspring.liveBeansView.mbeanDomain -Dspring.application.admin.enabled=true -javaagent:C:\Users\alexa\.IntelliJIdea2018.2\system\captureAgent\debugger-agent.jar=file:/C:/Users/alexa/AppData/Local/Temp/capture.props -Dfile.encoding=UTF-8 
java_command: hu.elte.assignment.AssignmentApplication
java_class_path (initial): C:\Program Files\Java\jdk1.8.0_181\jre\lib\charsets.jar;C:\Program Files\Java\jdk1.8.0_181\jre\lib\deploy.jar;C:\Program Files\Java\jdk1.8.0_181\jre\lib\ext\access-bridge-64.jar;C:\Program Files\Java\jdk1.8.0_181\jre\lib\ext\cldrdata.jar;C:\Program Files\Java\jdk1.8.0_181\jre\lib\ext\dnsns.jar;C:\Program Files\Java\jdk1.8.0_181\jre\lib\ext\jaccess.jar;C:\Program Files\Java\jdk1.8.0_181\jre\lib\ext\jfxrt.jar;C:\Program Files\Java\jdk1.8.0_181\jre\lib\ext\localedata.jar;C:\Program Files\Java\jdk1.8.0_181\jre\lib\ext\nashorn.jar;C:\Program Files\Java\jdk1.8.0_181\jre\lib\ext\sunec.jar;C:\Program Files\Java\jdk1.8.0_181\jre\lib\ext\sunjce_provider.jar;C:\Program Files\Java\jdk1.8.0_181\jre\lib\ext\sunmscapi.jar;C:\Program Files\Java\jdk1.8.0_181\jre\lib\ext\sunpkcs11.jar;C:\Program Files\Java\jdk1.8.0_181\jre\lib\ext\zipfs.jar;C:\Program Files\Java\jdk1.8.0_181\jre\lib\javaws.jar;C:\Program Files\Java\jdk1.8.0_181\jre\lib\jce.jar;C:\Program Files\Java\jdk1.8.0_181\jre\lib\jfr.jar;C:\Program Files\Java\jdk1.8.0_181\jre\lib\jfxswt.jar;C:\Program Files\Java\jdk1.8.0_181\jre\lib\jsse.jar;C:\Program Files\Java\jdk1.8.0_181\jre\lib\management-agent.jar;C:\Program Files\Java\jdk1.8.0_181\jre\lib\plugin.jar;C:\Program Files\Java\jdk1.8.0_181\jre\lib\resources.jar;C:\Program Files\Java\jdk1.8.0_181\jre\lib\rt.jar;D:\Work\Git\elte-appdev\target\classes;C:\Users\alexa\.m2\repository\org\springframework\boot\spring-boot-starter-data-jpa\2.0.6.RELEASE\spring-boot-starter-data-jpa-2.0.6.RELEASE.jar;C:\Users\alexa\.m2\repository\org\springframework\boot\spring-boot-starter\2.0.6.RELEASE\spring-boot-starter-2.0.6.RELEASE.jar;C:\Users\alexa\.m2\repository\org\springframework\boot\spring-boot\2.0.6.RELEASE\spring-boot-2.0.6.RELEASE.jar;C:\Users\alexa\.m2\repository\org\springframework\boot\spring-boot-autoconfigure\2.0.6.RELEASE\spring-boot-autoconfigure-2.0.6.RELEASE.jar;C:\Users\alexa\.m2\repository\org\springframework\boot\spring-boot-starter-logging\2.0.6
Launcher Type: SUN_STANDARD

Environment Variables:
JAVA_HOME=C:\Program Files\Java\jdk1.8.0_181
CLASSPATH=.;
PATH=C:\Program Files (x86)\Common Files\Oracle\Java\javapath;C:\Program Files\Docker\Docker\Resources\bin;C:\Windows\system32;C:\Windows;C:\Windows\System32\Wbem;C:\Windows\System32\WindowsPowerShell\v1.0\;C:\Windows\System32\OpenSSH\;C:\Program Files (x86)\NVIDIA Corporation\PhysX\Common;C:\Program Files\nodejs\;C:\Program Files (x86)\Vagrant\bin;C:\ProgramData\chocolatey\bin;C:\Program Files\Java\jdk1.8.0_181\bin;C:\Android\android-sdk\tools;C:\Android\android-sdk\platform-tools;C:\Android\android-sdk\tools\bin;C:\WINDOWS\system32;C:\WINDOWS;C:\WINDOWS\System32\Wbem;C:\WINDOWS\System32\WindowsPowerShell\v1.0\;C:\WINDOWS\System32\OpenSSH\;C:\Program Files\Git\cmd;C:\Users\alexa\AppData\Local\Programs\Python\Python37-32\Scripts\;C:\Users\alexa\AppData\Local\Programs\Python\Python37-32\;C:\Users\alexa\AppData\Local\Microsoft\WindowsApps;C:\Users\alexa\AppData\Local\GitHubDesktop\bin;C:\Users\alexa\AppData\Roaming\npm;C:\Users\alexa\AppData\Local\Programs\Microsoft VS Code\bin;C:\Users\alexa\AppData\Local\Microsoft\WindowsApps;
USERNAME=alexa
OS=Windows_NT
PROCESSOR_IDENTIFIER=Intel64 Family 6 Model 158 Stepping 10, GenuineIntel



---------------  S Y S T E M  ---------------

OS: Windows 10.0 , 64 bit Build 17763 (10.0.17763.1)

CPU:total 12 (initial active 12) (6 cores per cpu, 2 threads per core) family 6 model 158 stepping 10, cmov, cx8, fxsr, mmx, sse, sse2, sse3, ssse3, sse4.1, sse4.2, popcnt, avx, avx2, aes, clmul, erms, rtm, 3dnowpref, lzcnt, ht, tsc, tscinvbit, bmi1, bmi2, adx

Memory: 4k page, physical 16708476k(3140648k free), swap 31417128k(4838012k free)

vm_info: Dynamic Code Evolution 64-Bit Server VM (25.71-b01-dcevmlight-26) for windows-amd64 JRE (1.8.0), built on Jul 31 2018 12:14:42 by "" with MS VC++ 10.0 (VS2010)

time: Thu Nov 01 13:55:06 2018
elapsed time: 14206 seconds (0d 3h 56m 46s)

