#
# A fatal error has been detected by the Java Runtime Environment:
#
#  EXCEPTION_ACCESS_VIOLATION (0xc0000005) at pc=0x00000000717827bd, pid=61952, tid=0x000000000000a708
#
# JRE version: Java(TM) SE Runtime Environment (8.0_181-b13) (build 1.8.0_181-b13)
# Java VM: Dynamic Code Evolution 64-Bit Server VM (25.71-b01-dcevmlight-26 mixed mode windows-amd64 compressed oops)
# Problematic frame:
# V  [jvm.dll+0xd27bd]
#
# Failed to write core dump. Minidumps are not enabled by default on client versions of Windows
#
# If you would like to submit a bug report, please visit:
#   https://github.com/dcevm/dcevm/issues
#

---------------  T H R E A D  ---------------

Current thread (0x000000000301a000):  VMThread [stack: 0x0000000013b50000,0x0000000013c50000] [id=42760]

siginfo: ExceptionCode=0xc0000005, reading address 0x0000000000000010

Registers:
RAX=0x00000000000000ff, RBX=0x0000000000001600, RCX=0x0000000000000000, RDX=0x0000000000000000
RSP=0x0000000013c4f530, RBP=0x0000000013c4f660, RSI=0x0000000000001600, RDI=0x00000000170ffc58
R8 =0x0000000002f4a1d0, R9 =0x0000000000000003, R10=0x0000000000000003, R11=0x00000000170fffaa
R12=0x0000000013c4f6f0, R13=0x0000000013c4f6e0, R14=0x0000000000000000, R15=0x0000000000000001
RIP=0x00000000717827bd, EFLAGS=0x0000000000010202

Top of Stack: (sp=0x0000000013c4f530)
0x0000000013c4f530:   00000000000000b6 0000000013c4f660
0x0000000013c4f540:   00000000000000b6 0000000013c4f5e9
0x0000000013c4f550:   0000000000000001 00000000718671d0
0x0000000013c4f560:   0000000000000000 00000000000000b6
0x0000000013c4f570:   0000000000000003 0000000000000012
0x0000000013c4f580:   0000000000000000 00000000728b20da
0x0000000013c4f590:   0000000000000000 00000000728e4e7e
0x0000000013c4f5a0:   0000000002f35658 00000000728b5695
0x0000000013c4f5b0:   0000000013c4f910 0000000000000000
0x0000000013c4f5c0:   0000000013c4f7b0 0000000000000000
0x0000000013c4f5d0:   0000000000000001 0000000071e7d828
0x0000000013c4f5e0:   0000000000000000 00000000728f8d17
0x0000000013c4f5f0:   0000000000000002 0000000000000050
0x0000000013c4f600:   0000000000000050 0000000000000050
0x0000000013c4f610:   0000000018e09ce0 00000000181378b0
0x0000000013c4f620:   000000000301a000 00000000170ffff8 

Instructions: (pc=0x00000000717827bd)
0x000000007178279d:   0f b7 d8 48 63 c3 0f b7 44 c7 50 48 8b 44 c7 50
0x00000000717827ad:   48 89 44 24 30 f6 d0 48 8b 4c 24 30 a8 01 74 0f
0x00000000717827bd:   48 8b 41 10 48 8b 5c 24 38 48 83 c4 20 5f c3 48
0x00000000717827cd:   8b 5c 24 38 48 83 e1 fe 48 8b c1 48 83 c4 20 5f 


Register to memory mapping:

RAX=0x00000000000000ff is an unknown value
RBX=0x0000000000001600 is an unknown value
RCX=0x0000000000000000 is an unknown value
RDX=0x0000000000000000 is an unknown value
RSP=0x0000000013c4f530 is an unknown value
RBP=0x0000000013c4f660 is an unknown value
RSI=0x0000000000001600 is an unknown value
RDI=0x00000000170ffc58 is pointing into metadata
R8 =0x0000000002f4a1d0 is an unknown value
R9 =0x0000000000000003 is an unknown value
R10=0x0000000000000003 is an unknown value
R11=0x00000000170fffaa is pointing into metadata
R12=0x0000000013c4f6f0 is an unknown value
R13=0x0000000013c4f6e0 is an unknown value
R14=0x0000000000000000 is an unknown value
R15=0x0000000000000001 is an unknown value


Stack: [0x0000000013b50000,0x0000000013c50000],  sp=0x0000000013c4f530,  free space=1021k
Native frames: (J=compiled Java code, j=interpreted, Vv=VM code, C=native code)
V  [jvm.dll+0xd27bd]
V  [jvm.dll+0x1b71d0]
V  [jvm.dll+0x1b8122]
V  [jvm.dll+0x1a9e55]
V  [jvm.dll+0x1af00f]
V  [jvm.dll+0x1afc6a]
V  [jvm.dll+0x22caf7]
V  [jvm.dll+0x22bdb2]
V  [jvm.dll+0x22c231]
V  [jvm.dll+0x22c44e]
V  [jvm.dll+0x2767ea]
C  [msvcr100.dll+0x21d9f]
C  [msvcr100.dll+0x21e3b]
C  [KERNEL32.DLL+0x17e94]
C  [ntdll.dll+0x67ad1]

VM_Operation (0x000000002f66ee30): RedefineClasses, mode: safepoint, requested by thread 0x0000000019045000


---------------  P R O C E S S  ---------------

Java Threads: ( => current thread )
  0x0000000019043000 JavaThread "Thread-255" daemon [_thread_blocked, id=25964, stack(0x000000002f770000,0x000000002f870000)]
  0x0000000019043800 JavaThread "Thread-254" daemon [_thread_blocked, id=46660, stack(0x000000002f670000,0x000000002f770000)]
  0x0000000019045000 JavaThread "Thread-253" daemon [_thread_blocked, id=40112, stack(0x000000002f570000,0x000000002f670000)]
  0x0000000019047800 JavaThread "DestroyJavaVM" [_thread_blocked, id=43228, stack(0x0000000002d30000,0x0000000002e30000)]
  0x0000000019041800 JavaThread "http-nio-8080-AsyncTimeout" daemon [_thread_blocked, id=50144, stack(0x000000001ca70000,0x000000001cb70000)]
  0x0000000019040800 JavaThread "http-nio-8080-Acceptor-0" daemon [_thread_in_native, id=20972, stack(0x000000001c970000,0x000000001ca70000)]
  0x0000000019039000 JavaThread "http-nio-8080-ClientPoller-1" daemon [_thread_in_native, id=47496, stack(0x000000001c870000,0x000000001c970000)]
  0x0000000019040000 JavaThread "http-nio-8080-ClientPoller-0" daemon [_thread_in_native, id=45516, stack(0x000000001c770000,0x000000001c870000)]
  0x0000000019038800 JavaThread "http-nio-8080-exec-10" daemon [_thread_blocked, id=61868, stack(0x000000001c670000,0x000000001c770000)]
  0x000000001903c000 JavaThread "http-nio-8080-exec-9" daemon [_thread_blocked, id=41620, stack(0x000000001c570000,0x000000001c670000)]
  0x000000001903f000 JavaThread "http-nio-8080-exec-8" daemon [_thread_blocked, id=4932, stack(0x000000001c470000,0x000000001c570000)]
  0x000000001903e800 JavaThread "http-nio-8080-exec-7" daemon [_thread_blocked, id=36808, stack(0x000000001c370000,0x000000001c470000)]
  0x000000001903a000 JavaThread "http-nio-8080-exec-6" daemon [_thread_blocked, id=27896, stack(0x000000001c270000,0x000000001c370000)]
  0x000000001903b800 JavaThread "http-nio-8080-exec-5" daemon [_thread_blocked, id=17584, stack(0x000000001c170000,0x000000001c270000)]
  0x000000001903d800 JavaThread "http-nio-8080-exec-4" daemon [_thread_blocked, id=38712, stack(0x000000001c070000,0x000000001c170000)]
  0x000000001903d000 JavaThread "http-nio-8080-exec-3" daemon [_thread_blocked, id=34376, stack(0x000000001bf70000,0x000000001c070000)]
  0x000000001903a800 JavaThread "http-nio-8080-exec-2" daemon [_thread_blocked, id=38440, stack(0x000000001be70000,0x000000001bf70000)]
  0x0000000015ace000 JavaThread "http-nio-8080-exec-1" daemon [_thread_blocked, id=63000, stack(0x000000001bd70000,0x000000001be70000)]
  0x0000000015ad1800 JavaThread "NioBlockingSelector.BlockPoller-1" daemon [_thread_in_native, id=53060, stack(0x000000001bc70000,0x000000001bd70000)]
  0x0000000015acf800 JavaThread "container-0" [_thread_blocked, id=55832, stack(0x000000001b370000,0x000000001b470000)]
  0x0000000015ad0000 JavaThread "ContainerBackgroundProcessor[StandardEngine[Tomcat]]" daemon [_thread_blocked, id=40184, stack(0x000000001b270000,0x000000001b370000)]
  0x0000000015ace800 JavaThread "HikariPool-1 housekeeper" daemon [_thread_blocked, id=33140, stack(0x000000001a470000,0x000000001a570000)]
  0x0000000014f46000 JavaThread "RMI Scheduler(0)" daemon [_thread_blocked, id=36892, stack(0x0000000017260000,0x0000000017360000)]
  0x0000000014b32000 JavaThread "RMI TCP Accept-0" daemon [_thread_in_native, id=57804, stack(0x0000000016e60000,0x0000000016f60000)]
  0x0000000014b30800 JavaThread "RMI TCP Accept-54678" daemon [_thread_in_native, id=64844, stack(0x0000000016d60000,0x0000000016e60000)]
  0x0000000014ae5800 JavaThread "RMI TCP Accept-0" daemon [_thread_in_native, id=22624, stack(0x0000000016c60000,0x0000000016d60000)]
  0x0000000015194800 JavaThread "Service Thread" daemon [_thread_blocked, id=30700, stack(0x0000000016620000,0x0000000016720000)]
  0x0000000014546000 JavaThread "C1 CompilerThread3" daemon [_thread_blocked, id=13288, stack(0x0000000016520000,0x0000000016620000)]
  0x0000000014543000 JavaThread "C2 CompilerThread2" daemon [_thread_blocked, id=65184, stack(0x0000000016420000,0x0000000016520000)]
  0x0000000014527000 JavaThread "C2 CompilerThread1" daemon [_thread_blocked, id=56428, stack(0x0000000016320000,0x0000000016420000)]
  0x000000001452a800 JavaThread "C2 CompilerThread0" daemon [_thread_blocked, id=7580, stack(0x0000000016220000,0x0000000016320000)]
  0x0000000014950800 JavaThread "Monitor Ctrl-Break" daemon [_thread_in_native, id=61800, stack(0x0000000016120000,0x0000000016220000)]
  0x00000000144be800 JavaThread "Thread-3" daemon [_thread_blocked, id=40900, stack(0x0000000014850000,0x0000000014950000)]
  0x00000000144ba000 JavaThread "HotSwap Dispatcher" daemon [_thread_blocked, id=59504, stack(0x0000000014750000,0x0000000014850000)]
  0x0000000014479000 JavaThread "HotSwap Watcher" daemon [_thread_blocked, id=50056, stack(0x0000000014650000,0x0000000014750000)]
  0x0000000014490000 JavaThread "Thread-0" daemon [_thread_in_native, id=62196, stack(0x0000000014550000,0x0000000014650000)]
  0x0000000013a57800 JavaThread "Attach Listener" daemon [_thread_blocked, id=42504, stack(0x0000000014050000,0x0000000014150000)]
  0x0000000013a55000 JavaThread "Signal Dispatcher" daemon [_thread_blocked, id=25972, stack(0x0000000013f50000,0x0000000014050000)]
  0x0000000013a35800 JavaThread "Finalizer" daemon [_thread_blocked, id=57500, stack(0x0000000013d50000,0x0000000013e50000)]
  0x0000000003021000 JavaThread "Reference Handler" daemon [_thread_blocked, id=22936, stack(0x0000000013c50000,0x0000000013d50000)]

Other Threads:
=>0x000000000301a000 VMThread [stack: 0x0000000013b50000,0x0000000013c50000] [id=42760]
  0x0000000014b33800 WatcherThread [stack: 0x0000000016f60000,0x0000000017060000] [id=31104]

VM state:at safepoint (normal execution)

VM Mutex/Monitor currently owned by a thread:  ([mutex/lock_event])
[0x0000000002d2df20] Threads_lock - owner thread: 0x000000000301a000
[0x0000000002d2da20] Heap_lock - owner thread: 0x0000000019045000

Heap:
 def new generation   total 78720K, used 17483K [0x00000006c1000000, 0x00000006c6560000, 0x0000000716000000)
  eden space 70016K,  20% used [0x00000006c1000000, 0x00000006c1dc6928, 0x00000006c5460000)
  from space 8704K,  38% used [0x00000006c5460000, 0x00000006c57ac538, 0x00000006c5ce0000)
  to   space 8704K,   0% used [0x00000006c5ce0000, 0x00000006c5ce0000, 0x00000006c6560000)
 tenured generation   total 174784K, used 37288K [0x0000000716000000, 0x0000000720ab0000, 0x00000007c0000000)
   the space 174784K,  21% used [0x0000000716000000, 0x000000071846a2c8, 0x000000071846a400, 0x0000000720ab0000)
 Metaspace       used 72996K, capacity 76354K, committed 76504K, reserved 1116160K
  class space    used 9419K, capacity 9931K, committed 9984K, reserved 1048576K

Card table byte_map: [0x00000000123f0000,0x0000000012bf0000] byte_map_base: 0x000000000ede8000

Polling page: 0x0000000000cb0000

CodeCache: size=245760Kb used=4758Kb max_used=11980Kb free=241001Kb
 bounds [0x0000000003030000, 0x0000000003bf0000, 0x0000000012030000]
 total_blobs=2832 nmethods=2248 adapters=496
 compilation: enabled

Compilation events (10 events):
Event: 11878.266 Thread 0x0000000014546000 9778       1       java.util.Collections$UnmodifiableMap$UnmodifiableEntrySet$1::next (20 bytes)
Event: 11878.266 Thread 0x0000000014546000 nmethod 9778 0x0000000003833e10 code [0x0000000003833fa0, 0x0000000003834238]
Event: 11878.266 Thread 0x0000000014546000 9779       1       org.hotswap.agent.javassist.CtBehavior::getModifiers (11 bytes)
Event: 11878.266 Thread 0x0000000014546000 nmethod 9779 0x0000000003833b10 code [0x0000000003833c60, 0x0000000003833d70]
Event: 11878.266 Thread 0x0000000014546000 9780       1       org.hotswap.agent.javassist.bytecode.MethodInfo::getAccessFlags (5 bytes)
Event: 11878.266 Thread 0x0000000014546000 nmethod 9780 0x0000000003833450 code [0x00000000038335a0, 0x00000000038336b0]
Event: 11878.266 Thread 0x0000000014546000 9781       1       org.hotswap.agent.javassist.ClassPool::appendClassPath (9 bytes)
Event: 11878.266 Thread 0x0000000014546000 nmethod 9781 0x00000000038330d0 code [0x0000000003833240, 0x0000000003833388]
Event: 11878.266 Thread 0x0000000014546000 9751       1       org.h2.engine.Database::isMultiThreaded (5 bytes)
Event: 11878.267 Thread 0x0000000014546000 nmethod 9751 0x0000000003832e10 code [0x0000000003832f60, 0x0000000003833070]

GC Heap History (10 events):
Event: 31.075 GC heap before
{Heap before GC invocations=45 (full 3):
 def new generation   total 78720K, used 74774K [0x00000006c1000000, 0x00000006c6560000, 0x0000000716000000)
  eden space 70016K, 100% used [0x00000006c1000000, 0x00000006c5460000, 0x00000006c5460000)
  from space 8704K,  54% used [0x00000006c5ce0000, 0x00000006c6185820, 0x00000006c6560000)
  to   space 8704K,   0% used [0x00000006c5460000, 0x00000006c5460000, 0x00000006c5ce0000)
 tenured generation   total 174784K, used 33030K [0x0000000716000000, 0x0000000720ab0000, 0x00000007c0000000)
   the space 174784K,  18% used [0x0000000716000000, 0x0000000718041a38, 0x0000000718041c00, 0x0000000720ab0000)
 Metaspace       used 67200K, capacity 69752K, committed 70104K, reserved 1110016K
  class space    used 8700K, capacity 9142K, committed 9216K, reserved 1048576K
Event: 31.084 GC heap after
Heap after GC invocations=46 (full 3):
 def new generation   total 78720K, used 5032K [0x00000006c1000000, 0x00000006c6560000, 0x0000000716000000)
  eden space 70016K,   0% used [0x00000006c1000000, 0x00000006c1000000, 0x00000006c5460000)
  from space 8704K,  57% used [0x00000006c5460000, 0x00000006c594a128, 0x00000006c5ce0000)
  to   space 8704K,   0% used [0x00000006c5ce0000, 0x00000006c5ce0000, 0x00000006c6560000)
 tenured generation   total 174784K, used 33549K [0x0000000716000000, 0x0000000720ab0000, 0x00000007c0000000)
   the space 174784K,  19% used [0x0000000716000000, 0x00000007180c3418, 0x00000007180c3600, 0x0000000720ab0000)
 Metaspace       used 67200K, capacity 69752K, committed 70104K, reserved 1110016K
  class space    used 8700K, capacity 9142K, committed 9216K, reserved 1048576K
}
Event: 34.895 GC heap before
{Heap before GC invocations=46 (full 3):
 def new generation   total 78720K, used 75048K [0x00000006c1000000, 0x00000006c6560000, 0x0000000716000000)
  eden space 70016K, 100% used [0x00000006c1000000, 0x00000006c5460000, 0x00000006c5460000)
  from space 8704K,  57% used [0x00000006c5460000, 0x00000006c594a128, 0x00000006c5ce0000)
  to   space 8704K,   0% used [0x00000006c5ce0000, 0x00000006c5ce0000, 0x00000006c6560000)
 tenured generation   total 174784K, used 33549K [0x0000000716000000, 0x0000000720ab0000, 0x00000007c0000000)
   the space 174784K,  19% used [0x0000000716000000, 0x00000007180c3418, 0x00000007180c3600, 0x0000000720ab0000)
 Metaspace       used 69085K, capacity 71784K, committed 71896K, reserved 1112064K
  class space    used 8959K, capacity 9392K, committed 9472K, reserved 1048576K
Event: 34.903 GC heap after
Heap after GC invocations=47 (full 3):
 def new generation   total 78720K, used 6450K [0x00000006c1000000, 0x00000006c6560000, 0x0000000716000000)
  eden space 70016K,   0% used [0x00000006c1000000, 0x00000006c1000000, 0x00000006c5460000)
  from space 8704K,  74% used [0x00000006c5ce0000, 0x00000006c632cb60, 0x00000006c6560000)
  to   space 8704K,   0% used [0x00000006c5460000, 0x00000006c5460000, 0x00000006c5ce0000)
 tenured generation   total 174784K, used 34349K [0x0000000716000000, 0x0000000720ab0000, 0x00000007c0000000)
   the space 174784K,  19% used [0x0000000716000000, 0x000000071818b6d8, 0x000000071818b800, 0x0000000720ab0000)
 Metaspace       used 69085K, capacity 71784K, committed 71896K, reserved 1112064K
  class space    used 8959K, capacity 9392K, committed 9472K, reserved 1048576K
}
Event: 35.045 GC heap before
{Heap before GC invocations=47 (full 3):
 def new generation   total 78720K, used 76458K [0x00000006c1000000, 0x00000006c6560000, 0x0000000716000000)
  eden space 70016K,  99% used [0x00000006c1000000, 0x00000006c545dde8, 0x00000006c5460000)
  from space 8704K,  74% used [0x00000006c5ce0000, 0x00000006c632cb60, 0x00000006c6560000)
  to   space 8704K,   0% used [0x00000006c5460000, 0x00000006c5460000, 0x00000006c5ce0000)
 tenured generation   total 174784K, used 34349K [0x0000000716000000, 0x0000000720ab0000, 0x00000007c0000000)
   the space 174784K,  19% used [0x0000000716000000, 0x000000071818b6d8, 0x000000071818b800, 0x0000000720ab0000)
 Metaspace       used 71726K, capacity 74500K, committed 74840K, reserved 1114112K
  class space    used 9271K, capacity 9742K, committed 9856K, reserved 1048576K
Event: 35.053 GC heap after
Heap after GC invocations=48 (full 3):
 def new generation   total 78720K, used 4501K [0x00000006c1000000, 0x00000006c6560000, 0x0000000716000000)
  eden space 70016K,   0% used [0x00000006c1000000, 0x00000006c1000000, 0x00000006c5460000)
  from space 8704K,  51% used [0x00000006c5460000, 0x00000006c58c5788, 0x00000006c5ce0000)
  to   space 8704K,   0% used [0x00000006c5ce0000, 0x00000006c5ce0000, 0x00000006c6560000)
 tenured generation   total 174784K, used 36869K [0x0000000716000000, 0x0000000720ab0000, 0x00000007c0000000)
   the space 174784K,  21% used [0x0000000716000000, 0x00000007184016d0, 0x0000000718401800, 0x0000000720ab0000)
 Metaspace       used 71726K, capacity 74500K, committed 74840K, reserved 1114112K
  class space    used 9271K, capacity 9742K, committed 9856K, reserved 1048576K
}
Event: 3657.795 GC heap before
{Heap before GC invocations=48 (full 3):
 def new generation   total 78720K, used 74517K [0x00000006c1000000, 0x00000006c6560000, 0x0000000716000000)
  eden space 70016K, 100% used [0x00000006c1000000, 0x00000006c5460000, 0x00000006c5460000)
  from space 8704K,  51% used [0x00000006c5460000, 0x00000006c58c5788, 0x00000006c5ce0000)
  to   space 8704K,   0% used [0x00000006c5ce0000, 0x00000006c5ce0000, 0x00000006c6560000)
 tenured generation   total 174784K, used 36869K [0x0000000716000000, 0x0000000720ab0000, 0x00000007c0000000)
   the space 174784K,  21% used [0x0000000716000000, 0x00000007184016d0, 0x0000000718401800, 0x0000000720ab0000)
 Metaspace       used 72747K, capacity 76102K, committed 76248K, reserved 1116160K
  class space    used 9398K, capacity 9921K, committed 9984K, reserved 1048576K
Event: 3657.842 GC heap after
Heap after GC invocations=49 (full 3):
 def new generation   total 78720K, used 2930K [0x00000006c1000000, 0x00000006c6560000, 0x0000000716000000)
  eden space 70016K,   0% used [0x00000006c1000000, 0x00000006c1000000, 0x00000006c5460000)
  from space 8704K,  33% used [0x00000006c5ce0000, 0x00000006c5fbca28, 0x00000006c6560000)
  to   space 8704K,   0% used [0x00000006c5460000, 0x00000006c5460000, 0x00000006c5ce0000)
 tenured generation   total 174784K, used 37288K [0x0000000716000000, 0x0000000720ab0000, 0x00000007c0000000)
   the space 174784K,  21% used [0x0000000716000000, 0x000000071846a2c8, 0x000000071846a400, 0x0000000720ab0000)
 Metaspace       used 72747K, capacity 76102K, committed 76248K, reserved 1116160K
  class space    used 9398K, capacity 9921K, committed 9984K, reserved 1048576K
}
Event: 11877.785 GC heap before
{Heap before GC invocations=49 (full 3):
 def new generation   total 78720K, used 72946K [0x00000006c1000000, 0x00000006c6560000, 0x0000000716000000)
  eden space 70016K, 100% used [0x00000006c1000000, 0x00000006c5460000, 0x00000006c5460000)
  from space 8704K,  33% used [0x00000006c5ce0000, 0x00000006c5fbca28, 0x00000006c6560000)
  to   space 8704K,   0% used [0x00000006c5460000, 0x00000006c5460000, 0x00000006c5ce0000)
 tenured generation   total 174784K, used 37288K [0x0000000716000000, 0x0000000720ab0000, 0x00000007c0000000)
   the space 174784K,  21% used [0x0000000716000000, 0x000000071846a2c8, 0x000000071846a400, 0x0000000720ab0000)
 Metaspace       used 72818K, capacity 76172K, committed 76248K, reserved 1116160K
  class space    used 9401K, capacity 9922K, committed 9984K, reserved 1048576K
Event: 11877.869 GC heap after
Heap after GC invocations=50 (full 3):
 def new generation   total 78720K, used 3377K [0x00000006c1000000, 0x00000006c6560000, 0x0000000716000000)
  eden space 70016K,   0% used [0x00000006c1000000, 0x00000006c1000000, 0x00000006c5460000)
  from space 8704K,  38% used [0x00000006c5460000, 0x00000006c57ac538, 0x00000006c5ce0000)
  to   space 8704K,   0% used [0x00000006c5ce0000, 0x00000006c5ce0000, 0x00000006c6560000)
 tenured generation   total 174784K, used 37288K [0x0000000716000000, 0x0000000720ab0000, 0x00000007c0000000)
   the space 174784K,  21% used [0x0000000716000000, 0x000000071846a2c8, 0x000000071846a400, 0x0000000720ab0000)
 Metaspace       used 72818K, capacity 76172K, committed 76248K, reserved 1116160K
  class space    used 9401K, capacity 9922K, committed 9984K, reserved 1048576K
}

Deoptimization events (0 events):
No events

Internal exceptions (10 events):
Event: 11876.595 Thread 0x00000000144ba000 Exception <a 'sun/nio/fs/WindowsException'> (0x00000006c4402af0) thrown at [C:\Jenkins\workspace\DCEVM-8u161\jdk\JDK1.8.0_181-x64\k\product\oops\nocompressed\slave\dcevm-win\hotspot\src\share\vm\prims\jni.cpp, line 710]
Event: 11876.595 Thread 0x00000000144ba000 Exception <a 'sun/nio/fs/WindowsException'> (0x00000006c4402f80) thrown at [C:\Jenkins\workspace\DCEVM-8u161\jdk\JDK1.8.0_181-x64\k\product\oops\nocompressed\slave\dcevm-win\hotspot\src\share\vm\prims\jni.cpp, line 710]
Event: 11876.595 Thread 0x00000000144ba000 Exception <a 'sun/nio/fs/WindowsException'> (0x00000006c4403788) thrown at [C:\Jenkins\workspace\DCEVM-8u161\jdk\JDK1.8.0_181-x64\k\product\oops\nocompressed\slave\dcevm-win\hotspot\src\share\vm\prims\jni.cpp, line 710]
Event: 11876.595 Thread 0x00000000144ba000 Exception <a 'sun/nio/fs/WindowsException'> (0x00000006c4403c18) thrown at [C:\Jenkins\workspace\DCEVM-8u161\jdk\JDK1.8.0_181-x64\k\product\oops\nocompressed\slave\dcevm-win\hotspot\src\share\vm\prims\jni.cpp, line 710]
Event: 11876.595 Thread 0x00000000144ba000 Exception <a 'sun/nio/fs/WindowsException'> (0x00000006c4404420) thrown at [C:\Jenkins\workspace\DCEVM-8u161\jdk\JDK1.8.0_181-x64\k\product\oops\nocompressed\slave\dcevm-win\hotspot\src\share\vm\prims\jni.cpp, line 710]
Event: 11876.595 Thread 0x00000000144ba000 Exception <a 'sun/nio/fs/WindowsException'> (0x00000006c44048b0) thrown at [C:\Jenkins\workspace\DCEVM-8u161\jdk\JDK1.8.0_181-x64\k\product\oops\nocompressed\slave\dcevm-win\hotspot\src\share\vm\prims\jni.cpp, line 710]
Event: 11878.212 Thread 0x0000000019045000 Exception <a 'java/lang/ArrayIndexOutOfBoundsException'> (0x00000006c17ee460) thrown at [C:\Jenkins\workspace\DCEVM-8u161\jdk\JDK1.8.0_181-x64\k\product\oops\nocompressed\slave\dcevm-win\hotspot\src\share\vm\runtime\sharedRuntime.cpp, line 605]
Event: 11878.259 Thread 0x0000000019043800 Exception <a 'java/lang/ArrayIndexOutOfBoundsException'> (0x00000006c1bd0e28) thrown at [C:\Jenkins\workspace\DCEVM-8u161\jdk\JDK1.8.0_181-x64\k\product\oops\nocompressed\slave\dcevm-win\hotspot\src\share\vm\runtime\sharedRuntime.cpp, line 605]
Event: 11878.260 Thread 0x0000000019043800 Exception <a 'java/lang/ArrayIndexOutOfBoundsException'> (0x00000006c1c63240) thrown at [C:\Jenkins\workspace\DCEVM-8u161\jdk\JDK1.8.0_181-x64\k\product\oops\nocompressed\slave\dcevm-win\hotspot\src\share\vm\runtime\sharedRuntime.cpp, line 605]
Event: 11878.264 Thread 0x0000000019045000 Exception <a 'java/lang/ClassCastException': org.springframework.cglib.proxy.Enhancer$EnhancerKey$$KeyFactoryByCGLIB$$4ce19e8f cannot be cast to java.lang.Class> (0x00000006c1d0eff8) thrown at [C:\Jenkins\workspace\DCEVM-8u161\jdk\JDK1.8.0_181-x64\k\produ

Events (10 events):
Event: 11878.264 loading class sun/reflect/UnsafeBooleanFieldAccessorImpl
Event: 11878.264 loading class sun/reflect/UnsafeBooleanFieldAccessorImpl done
Event: 11878.264 loading class java/io/StringWriter
Event: 11878.265 loading class java/io/StringWriter done
Event: 11878.265 loading class java/lang/Throwable$WrappedPrintWriter
Event: 11878.265 loading class java/lang/Throwable$WrappedPrintWriter done
Event: 11878.265 loading class java/util/IdentityHashMap$KeySet
Event: 11878.265 loading class java/util/IdentityHashMap$KeySet done
Event: 11878.266 Thread 0x0000000019043000 Thread added: 0x0000000019043000
Event: 11878.267 Executing VM operation: RedefineClasses


Dynamic libraries:
0x00007ff676b90000 - 0x00007ff676bc7000 	C:\Program Files\Java\jdk1.8.0_181\bin\java.exe
0x00007ffd1e270000 - 0x00007ffd1e45d000 	C:\WINDOWS\SYSTEM32\ntdll.dll
0x00007ffd1c2f0000 - 0x00007ffd1c3a3000 	C:\WINDOWS\System32\KERNEL32.DLL
0x00007ffd1a840000 - 0x00007ffd1aad3000 	C:\WINDOWS\System32\KERNELBASE.dll
0x00007ffd1c3d0000 - 0x00007ffd1c473000 	C:\WINDOWS\System32\ADVAPI32.dll
0x00007ffd1c820000 - 0x00007ffd1c8be000 	C:\WINDOWS\System32\msvcrt.dll
0x00007ffd1bb80000 - 0x00007ffd1bc1e000 	C:\WINDOWS\System32\sechost.dll
0x00007ffd1bf30000 - 0x00007ffd1c053000 	C:\WINDOWS\System32\RPCRT4.dll
0x00007ffd1bd90000 - 0x00007ffd1bf27000 	C:\WINDOWS\System32\USER32.dll
0x00007ffd1a7f0000 - 0x00007ffd1a810000 	C:\WINDOWS\System32\win32u.dll
0x00007ffd1c480000 - 0x00007ffd1c4a9000 	C:\WINDOWS\System32\GDI32.dll
0x00007ffd1abb0000 - 0x00007ffd1ad4a000 	C:\WINDOWS\System32\gdi32full.dll
0x00007ffd1a750000 - 0x00007ffd1a7f0000 	C:\WINDOWS\System32\msvcp_win.dll
0x00007ffd1a650000 - 0x00007ffd1a74c000 	C:\WINDOWS\System32\ucrtbase.dll
0x00007ffd0bc50000 - 0x00007ffd0bec9000 	C:\WINDOWS\WinSxS\amd64_microsoft.windows.common-controls_6595b64144ccf1df_6.0.17763.55_none_bfabd67a2c8ec77e\COMCTL32.dll
0x00007ffd1df10000 - 0x00007ffd1e23e000 	C:\WINDOWS\System32\combase.dll
0x00007ffd1a390000 - 0x00007ffd1a40e000 	C:\WINDOWS\System32\bcryptPrimitives.dll
0x00007ffd1de60000 - 0x00007ffd1de8e000 	C:\WINDOWS\System32\IMM32.DLL
0x0000000072890000 - 0x0000000072962000 	C:\Program Files\Java\jdk1.8.0_181\jre\bin\msvcr100.dll
0x00000000716b0000 - 0x0000000071f01000 	C:\Program Files\Java\jdk1.8.0_181\jre\bin\dcevm\jvm.dll
0x00007ffd1b5e0000 - 0x00007ffd1b5e8000 	C:\WINDOWS\System32\PSAPI.DLL
0x00007ffce36d0000 - 0x00007ffce36d9000 	C:\WINDOWS\SYSTEM32\WSOCK32.dll
0x00007ffd14320000 - 0x00007ffd1432a000 	C:\WINDOWS\SYSTEM32\VERSION.dll
0x00007ffd17030000 - 0x00007ffd17054000 	C:\WINDOWS\SYSTEM32\WINMM.dll
0x00007ffd1c280000 - 0x00007ffd1c2ed000 	C:\WINDOWS\System32\WS2_32.dll
0x00007ffd17000000 - 0x00007ffd1702d000 	C:\WINDOWS\SYSTEM32\winmmbase.dll
0x00007ffd1a340000 - 0x00007ffd1a38a000 	C:\WINDOWS\System32\cfgmgr32.dll
0x0000000071fd0000 - 0x0000000071fdf000 	C:\Program Files\Java\jdk1.8.0_181\jre\bin\verify.dll
0x0000000071fa0000 - 0x0000000071fc9000 	C:\Program Files\Java\jdk1.8.0_181\jre\bin\java.dll
0x0000000071f70000 - 0x0000000071f93000 	C:\Program Files\Java\jdk1.8.0_181\jre\bin\instrument.dll
0x0000000071f50000 - 0x0000000071f66000 	C:\Program Files\Java\jdk1.8.0_181\jre\bin\zip.dll
0x00007ffd1c970000 - 0x00007ffd1de5f000 	C:\WINDOWS\System32\SHELL32.dll
0x00007ffd1c8c0000 - 0x00007ffd1c968000 	C:\WINDOWS\System32\shcore.dll
0x00007ffd1ad50000 - 0x00007ffd1b498000 	C:\WINDOWS\System32\windows.storage.dll
0x00007ffd1a310000 - 0x00007ffd1a334000 	C:\WINDOWS\System32\profapi.dll
0x00007ffd1a270000 - 0x00007ffd1a2cd000 	C:\WINDOWS\System32\powrprof.dll
0x00007ffd1c530000 - 0x00007ffd1c582000 	C:\WINDOWS\System32\shlwapi.dll
0x00007ffd1a2f0000 - 0x00007ffd1a301000 	C:\WINDOWS\System32\kernel.appcore.dll
0x00007ffd1aae0000 - 0x00007ffd1aaf7000 	C:\WINDOWS\System32\cryptsp.dll
0x0000000071f30000 - 0x0000000071f4a000 	C:\Program Files\Java\jdk1.8.0_181\jre\bin\net.dll
0x00007ffd19ab0000 - 0x00007ffd19b17000 	C:\WINDOWS\system32\mswsock.dll
0x0000000071f10000 - 0x0000000071f21000 	C:\Program Files\Java\jdk1.8.0_181\jre\bin\nio.dll
0x00007ffce5ef0000 - 0x00007ffce5f0a000 	C:\Program Files\JetBrains\IntelliJ IDEA 2018.2.3\bin\breakgen64.dll
0x00000000716a0000 - 0x00000000716ad000 	C:\Program Files\Java\jdk1.8.0_181\jre\bin\management.dll
0x00007ffd01470000 - 0x00007ffd01486000 	C:\WINDOWS\system32\napinsp.dll
0x00007ffd01340000 - 0x00007ffd0135a000 	C:\WINDOWS\system32\pnrpnsp.dll
0x00007ffd19850000 - 0x00007ffd19916000 	C:\WINDOWS\SYSTEM32\DNSAPI.dll
0x00007ffd1b5d0000 - 0x00007ffd1b5d8000 	C:\WINDOWS\System32\NSI.dll
0x00007ffd19810000 - 0x00007ffd1984d000 	C:\WINDOWS\SYSTEM32\IPHLPAPI.DLL
0x00007ffd01330000 - 0x00007ffd0133e000 	C:\WINDOWS\System32\winrnr.dll
0x00007ffd16d90000 - 0x00007ffd16dab000 	C:\WINDOWS\system32\NLAapi.dll
0x00007ffd138c0000 - 0x00007ffd138d5000 	C:\WINDOWS\system32\wshbth.dll
0x00007ffd0f9d0000 - 0x00007ffd0f9da000 	C:\Windows\System32\rasadhlp.dll
0x00007ffd0f560000 - 0x00007ffd0f5d9000 	C:\WINDOWS\System32\fwpuclnt.dll
0x00007ffd1a810000 - 0x00007ffd1a836000 	C:\WINDOWS\System32\bcrypt.dll
0x00007ffd19620000 - 0x00007ffd19653000 	C:\WINDOWS\system32\rsaenh.dll
0x00007ffd1a170000 - 0x00007ffd1a198000 	C:\WINDOWS\SYSTEM32\USERENV.dll
0x00007ffd19c30000 - 0x00007ffd19c3c000 	C:\WINDOWS\SYSTEM32\CRYPTBASE.dll
0x00007ffd12510000 - 0x00007ffd12526000 	C:\WINDOWS\SYSTEM32\dhcpcsvc6.DLL
0x00007ffd124a0000 - 0x00007ffd124bc000 	C:\WINDOWS\SYSTEM32\dhcpcsvc.DLL
0x0000000071670000 - 0x0000000071694000 	C:\Program Files\Java\jdk1.8.0_181\jre\bin\sunec.dll
0x00007ffd087b0000 - 0x00007ffd0899d000 	C:\WINDOWS\SYSTEM32\dbghelp.dll

VM Arguments:
jvm_args: -javaagent:./.hotswap/hotswap-agent-1.3.0.jar=autoHotswap=true -XX:TieredStopAtLevel=1 -Xverify:none -Dspring.output.ansi.enabled=always -Dcom.sun.management.jmxremote -Dcom.sun.management.jmxremote.port=54678 -Dcom.sun.management.jmxremote.authenticate=false -Dcom.sun.management.jmxremote.ssl=false -Djava.rmi.server.hostname=localhost -Dspring.liveBeansView.mbeanDomain -Dspring.application.admin.enabled=true -javaagent:C:\Program Files\JetBrains\IntelliJ IDEA 2018.2.3\lib\idea_rt.jar=54679:C:\Program Files\JetBrains\IntelliJ IDEA 2018.2.3\bin -Dfile.encoding=UTF-8 
java_command: hu.elte.assignment.AssignmentApplication
java_class_path (initial): C:\Program Files\Java\jdk1.8.0_181\jre\lib\charsets.jar;C:\Program Files\Java\jdk1.8.0_181\jre\lib\deploy.jar;C:\Program Files\Java\jdk1.8.0_181\jre\lib\ext\access-bridge-64.jar;C:\Program Files\Java\jdk1.8.0_181\jre\lib\ext\cldrdata.jar;C:\Program Files\Java\jdk1.8.0_181\jre\lib\ext\dnsns.jar;C:\Program Files\Java\jdk1.8.0_181\jre\lib\ext\jaccess.jar;C:\Program Files\Java\jdk1.8.0_181\jre\lib\ext\jfxrt.jar;C:\Program Files\Java\jdk1.8.0_181\jre\lib\ext\localedata.jar;C:\Program Files\Java\jdk1.8.0_181\jre\lib\ext\nashorn.jar;C:\Program Files\Java\jdk1.8.0_181\jre\lib\ext\sunec.jar;C:\Program Files\Java\jdk1.8.0_181\jre\lib\ext\sunjce_provider.jar;C:\Program Files\Java\jdk1.8.0_181\jre\lib\ext\sunmscapi.jar;C:\Program Files\Java\jdk1.8.0_181\jre\lib\ext\sunpkcs11.jar;C:\Program Files\Java\jdk1.8.0_181\jre\lib\ext\zipfs.jar;C:\Program Files\Java\jdk1.8.0_181\jre\lib\javaws.jar;C:\Program Files\Java\jdk1.8.0_181\jre\lib\jce.jar;C:\Program Files\Java\jdk1.8.0_181\jre\lib\jfr.jar;C:\Program Files\Java\jdk1.8.0_181\jre\lib\jfxswt.jar;C:\Program Files\Java\jdk1.8.0_181\jre\lib\jsse.jar;C:\Program Files\Java\jdk1.8.0_181\jre\lib\management-agent.jar;C:\Program Files\Java\jdk1.8.0_181\jre\lib\plugin.jar;C:\Program Files\Java\jdk1.8.0_181\jre\lib\resources.jar;C:\Program Files\Java\jdk1.8.0_181\jre\lib\rt.jar;D:\Work\Git\elte-appdev\target\classes;C:\Users\alexa\.m2\repository\org\springframework\boot\spring-boot-starter-data-jpa\2.0.6.RELEASE\spring-boot-starter-data-jpa-2.0.6.RELEASE.jar;C:\Users\alexa\.m2\repository\org\springframework\boot\spring-boot-starter\2.0.6.RELEASE\spring-boot-starter-2.0.6.RELEASE.jar;C:\Users\alexa\.m2\repository\org\springframework\boot\spring-boot\2.0.6.RELEASE\spring-boot-2.0.6.RELEASE.jar;C:\Users\alexa\.m2\repository\org\springframework\boot\spring-boot-autoconfigure\2.0.6.RELEASE\spring-boot-autoconfigure-2.0.6.RELEASE.jar;C:\Users\alexa\.m2\repository\org\springframework\boot\spring-boot-starter-logging\2.0.6
Launcher Type: SUN_STANDARD

Environment Variables:
JAVA_HOME=C:\Program Files\Java\jdk1.8.0_181
CLASSPATH=.;
PATH=C:\Program Files (x86)\Common Files\Oracle\Java\javapath;C:\Program Files\Docker\Docker\Resources\bin;C:\Windows\system32;C:\Windows;C:\Windows\System32\Wbem;C:\Windows\System32\WindowsPowerShell\v1.0\;C:\Windows\System32\OpenSSH\;C:\Program Files (x86)\NVIDIA Corporation\PhysX\Common;C:\Program Files\nodejs\;C:\Program Files (x86)\Vagrant\bin;C:\ProgramData\chocolatey\bin;C:\Program Files\Java\jdk1.8.0_181\bin;C:\Android\android-sdk\tools;C:\Android\android-sdk\platform-tools;C:\Android\android-sdk\tools\bin;C:\WINDOWS\system32;C:\WINDOWS;C:\WINDOWS\System32\Wbem;C:\WINDOWS\System32\WindowsPowerShell\v1.0\;C:\WINDOWS\System32\OpenSSH\;C:\Program Files\Git\cmd;C:\Users\alexa\AppData\Local\Programs\Python\Python37-32\Scripts\;C:\Users\alexa\AppData\Local\Programs\Python\Python37-32\;C:\Users\alexa\AppData\Local\Microsoft\WindowsApps;C:\Users\alexa\AppData\Local\GitHubDesktop\bin;C:\Users\alexa\AppData\Roaming\npm;C:\Users\alexa\AppData\Local\Programs\Microsoft VS Code\bin;C:\Users\alexa\AppData\Local\Microsoft\WindowsApps;
USERNAME=alexa
OS=Windows_NT
PROCESSOR_IDENTIFIER=Intel64 Family 6 Model 158 Stepping 10, GenuineIntel



---------------  S Y S T E M  ---------------

OS: Windows 10.0 , 64 bit Build 17763 (10.0.17763.1)

CPU:total 12 (initial active 12) (6 cores per cpu, 2 threads per core) family 6 model 158 stepping 10, cmov, cx8, fxsr, mmx, sse, sse2, sse3, ssse3, sse4.1, sse4.2, popcnt, avx, avx2, aes, clmul, erms, rtm, 3dnowpref, lzcnt, ht, tsc, tscinvbit, bmi1, bmi2, adx

Memory: 4k page, physical 16708476k(2314192k free), swap 29291388k(5671076k free)

vm_info: Dynamic Code Evolution 64-Bit Server VM (25.71-b01-dcevmlight-26) for windows-amd64 JRE (1.8.0), built on Jul 31 2018 12:14:42 by "" with MS VC++ 10.0 (VS2010)

time: Wed Oct 31 15:34:01 2018
elapsed time: 11878 seconds (0d 3h 17m 58s)

